Log file open, 02/04/21 09:38:52
LogInit: Display: Running engine for game: CoronaPunch
LogPlatformFile: Not using cached read wrapper
LogTaskGraph: Started task graph with 5 named threads and 23 total threads with 3 sets of task threads.
LogStats: Stats thread started at 0.880095
LogD3D11RHI: Loaded GFSDK_Aftermath_Lib.x64.dll
LogICUInternationalization: ICU TimeZone Detection - Raw Offset: +1:00, Platform Override: ''
LogPluginManager: Mounting plugin Paper2D
LogPluginManager: Mounting plugin AISupport
LogPluginManager: Mounting plugin LightPropagationVolume
LogPluginManager: Mounting plugin CameraShakePreviewer
LogPluginManager: Mounting plugin ActorLayerUtilities
LogPluginManager: Mounting plugin AnimationSharing
LogPluginManager: Mounting plugin CLionSourceCodeAccess
LogPluginManager: Mounting plugin CodeLiteSourceCodeAccess
LogPluginManager: Mounting plugin GitSourceControl
LogPluginManager: Mounting plugin KDevelopSourceCodeAccess
LogPluginManager: Mounting plugin NullSourceCodeAccess
LogPluginManager: Mounting plugin PerforceSourceControl
LogPluginManager: Mounting plugin PlasticSourceControl
LogPluginManager: Mounting plugin RiderSourceCodeAccess
LogPluginManager: Mounting plugin SubversionSourceControl
LogPluginManager: Mounting plugin UObjectPlugin
LogPluginManager: Mounting plugin VisualStudioCodeSourceCodeAccess
LogPluginManager: Mounting plugin VisualStudioSourceCodeAccess
LogPluginManager: Mounting plugin XCodeSourceCodeAccess
LogPluginManager: Mounting plugin AssetManagerEditor
LogPluginManager: Mounting plugin CryptoKeys
LogPluginManager: Mounting plugin CurveEditorTools
LogPluginManager: Mounting plugin DataValidation
LogPluginManager: Mounting plugin EditorScriptingUtilities
LogPluginManager: Mounting plugin FacialAnimation
LogPluginManager: Mounting plugin GameplayTagsEditor
LogPluginManager: Mounting plugin GeometryMode
LogPluginManager: Mounting plugin MacGraphicsSwitching
LogPluginManager: Mounting plugin MaterialAnalyzer
LogPluginManager: Mounting plugin MobileLauncherProfileWizard
LogPluginManager: Mounting plugin PluginBrowser
LogPluginManager: Mounting plugin SpeedTreeImporter
LogPluginManager: Mounting plugin DatasmithContent
LogPluginManager: Mounting plugin VariantManagerContent
LogPluginManager: Mounting plugin AlembicImporter
LogPluginManager: Mounting plugin AutomationUtils
LogPluginManager: Mounting plugin BackChannel
LogPluginManager: Mounting plugin ChaosCloth
LogPluginManager: Mounting plugin ChaosClothEditor
LogPluginManager: Mounting plugin ChaosEditor
LogPluginManager: Mounting plugin ChaosNiagara
LogPluginManager: Mounting plugin ChaosSolverPlugin
LogPluginManager: Mounting plugin CharacterAI
LogPluginManager: Mounting plugin GeometryCache
LogPluginManager: Mounting plugin GeometryCollectionPlugin
LogPluginManager: Mounting plugin GeometryProcessing
LogPluginManager: Mounting plugin PlanarCut
LogPluginManager: Mounting plugin PlatformCrypto
LogPluginManager: Mounting plugin ProxyLODPlugin
LogPluginManager: Mounting plugin SkeletalReduction
LogPluginManager: Mounting plugin Niagara
LogPluginManager: Mounting plugin MagicLeap
LogPluginManager: Mounting plugin MagicLeapLightEstimation
LogPluginManager: Mounting plugin MagicLeapMedia
LogPluginManager: Mounting plugin MagicLeapPassableWorld
LogPluginManager: Mounting plugin MLSDK
LogPluginManager: Mounting plugin AndroidMedia
LogPluginManager: Mounting plugin AvfMedia
LogPluginManager: Mounting plugin ImgMedia
LogPluginManager: Mounting plugin MediaCompositing
LogPluginManager: Mounting plugin MediaPlayerEditor
LogPluginManager: Mounting plugin WebMMedia
LogPluginManager: Mounting plugin WmfMedia
LogPluginManager: Mounting plugin MeshPainting
LogPluginManager: Mounting plugin TcpMessaging
LogPluginManager: Mounting plugin UdpMessaging
LogPluginManager: Mounting plugin ActorSequence
LogPluginManager: Mounting plugin LevelSequenceEditor
LogPluginManager: Mounting plugin MatineeToLevelSequence
LogPluginManager: Mounting plugin MovieRenderPipeline
LogPluginManager: Mounting plugin TemplateSequence
LogPluginManager: Mounting plugin NetcodeUnitTest
LogPluginManager: Mounting plugin NUTUnrealEngine4
LogPluginManager: Mounting plugin OnlineSubsystemGooglePlay
LogPluginManager: Mounting plugin OnlineSubsystemIOS
LogPluginManager: Mounting plugin OnlineSubsystem
LogPluginManager: Mounting plugin OnlineSubsystemNull
LogPluginManager: Mounting plugin OnlineSubsystemUtils
LogPluginManager: Mounting plugin LauncherChunkInstaller
LogPluginManager: Mounting plugin AndroidDeviceProfileSelector
LogPluginManager: Mounting plugin AndroidMoviePlayer
LogPluginManager: Mounting plugin AndroidPermission
LogPluginManager: Mounting plugin AppleImageUtils
LogPluginManager: Mounting plugin AppleMoviePlayer
LogPluginManager: Mounting plugin ArchVisCharacter
LogPluginManager: Mounting plugin AssetTags
LogPluginManager: Mounting plugin AudioCapture
LogPluginManager: Mounting plugin CableComponent
LogPluginManager: Mounting plugin CustomMeshComponent
LogPluginManager: Mounting plugin EditableMesh
LogPluginManager: Mounting plugin ExampleDeviceProfileSelector
LogPluginManager: Mounting plugin GoogleCloudMessaging
LogPluginManager: Mounting plugin GooglePAD
LogPluginManager: Mounting plugin IOSDeviceProfileSelector
LogPluginManager: Mounting plugin LinuxDeviceProfileSelector
LogPluginManager: Mounting plugin LocationServicesBPLibrary
LogPluginManager: Mounting plugin MobilePatchingUtils
LogPluginManager: Mounting plugin OculusVR
LogPluginManager: Mounting plugin PhysXVehicles
LogPluginManager: Mounting plugin PostSplashScreen
LogPluginManager: Mounting plugin ProceduralMeshComponent
LogPluginManager: Mounting plugin RuntimePhysXCooking
LogPluginManager: Mounting plugin SignificanceManager
LogPluginManager: Mounting plugin SoundFields
LogPluginManager: Mounting plugin SoundVisualizations
LogPluginManager: Mounting plugin SteamVR
LogPluginManager: Mounting plugin Synthesis
LogPluginManager: Mounting plugin WebMMoviePlayer
LogPluginManager: Mounting plugin WindowsMoviePlayer
LogPluginManager: Mounting plugin ScreenshotTools
LogInit: Using libcurl 7.55.1-DEV
LogInit:  - built for x86_64-pc-win32
LogInit:  - supports SSL with OpenSSL/1.1.1
LogInit:  - supports HTTP deflate (compression) using libz 1.2.8
LogInit:  - other features:
LogInit:      CURL_VERSION_SSL
LogInit:      CURL_VERSION_LIBZ
LogInit:      CURL_VERSION_IPV6
LogInit:      CURL_VERSION_ASYNCHDNS
LogInit:      CURL_VERSION_LARGEFILE
LogInit:      CURL_VERSION_IDN
LogInit:  CurlRequestOptions (configurable via config and command line):
LogInit:  - bVerifyPeer = true  - Libcurl will verify peer certificate
LogInit:  - bUseHttpProxy = false  - Libcurl will NOT use HTTP proxy
LogInit:  - bDontReuseConnections = false  - Libcurl will reuse connections
LogInit:  - MaxHostConnections = 16  - Libcurl will limit the number of connections to a host
LogInit:  - LocalHostAddr = Default
LogInit:  - BufferSize = 65536
LogOnline: OSS: Creating online subsystem instance for: NULL
LogInit: WinSock: version 1.1 (2.2), MaxSocks=32767, MaxUdp=65467
LogOnline: OSS: TryLoadSubsystemAndSetDefault: Loaded subsystem for module [NULL]
LogOculusPluginWrapper: OculusPlugin initialized successfully
LogHMD: Failed initializing OVRPlugin 1.44.0
LogInit: Build: ++UE4+Release-4.25-CL-13594126
LogInit: Engine Version: 4.25.1-13594126+++UE4+Release-4.25
LogInit: Compatible Engine Version: 4.25.0-13144385+++UE4+Release-4.25
LogInit: Net CL: 13144385
LogInit: OS: Windows 10 (Release 2004) (), CPU: Intel(R) Core(TM) i7-7700 CPU @ 3.60GHz, GPU: NVIDIA GeForce GTX 1080
LogInit: Compiled (64-bit): Jun  2 2020 02:10:36
LogInit: Compiled with Visual C++: 19.24.28315.00
LogInit: Build Configuration: Development
LogInit: Branch Name: ++UE4+Release-4.25
LogInit: Command Line:  /Game/Punchbag/EQ_test -game -PIEVIACONSOLE -Multiprocess GameUserSettingsINI=S:/Documents/Unreal/CoronaPunch/coronapunch/CoronaPunch/Saved/Config/Windows/PIEGameUserSettings0.ini -MultiprocessSaveConfig -MultiprocessOSS -messaging -SessionName="Play in Standalone Game" -windowed -ResX=1920 -ResY=1080
LogInit: Base Directory: S:/Programs/Unreal/UE_4.25/Engine/Binaries/Win64/
LogInit: Allocator: TBB
LogInit: Installed Engine Build: 1
LogDevObjectVersion: Number of dev versions registered: 26
LogDevObjectVersion:   Dev-Blueprints (B0D832E4-1F89-4F0D-ACCF-7EB736FD4AA2): 10
LogDevObjectVersion:   Dev-Build (E1C64328-A22C-4D53-A36C-8E866417BD8C): 0
LogDevObjectVersion:   Dev-Core (375EC13C-06E4-48FB-B500-84F0262A717E): 4
LogDevObjectVersion:   Dev-Editor (E4B068ED-F494-42E9-A231-DA0B2E46BB41): 38
LogDevObjectVersion:   Dev-Framework (CFFC743F-43B0-4480-9391-14DF171D2073): 37
LogDevObjectVersion:   Dev-Mobile (B02B49B5-BB20-44E9-A304-32B752E40360): 2
LogDevObjectVersion:   Dev-Networking (A4E4105C-59A1-49B5-A7C5-40C4547EDFEE): 0
LogDevObjectVersion:   Dev-Online (39C831C9-5AE6-47DC-9A44-9C173E1C8E7C): 0
LogDevObjectVersion:   Dev-Physics (78F01B33-EBEA-4F98-B9B4-84EACCB95AA2): 4
LogDevObjectVersion:   Dev-Platform (6631380F-2D4D-43E0-8009-CF276956A95A): 0
LogDevObjectVersion:   Dev-Rendering (12F88B9F-8875-4AFC-A67C-D90C383ABD29): 43
LogDevObjectVersion:   Dev-Sequencer (7B5AE74C-D270-4C10-A958-57980B212A5A): 12
LogDevObjectVersion:   Dev-VR (D7296918-1DD6-4BDD-9DE2-64A83CC13884): 3
LogDevObjectVersion:   Dev-LoadTimes (C2A15278-BFE7-4AFE-6C17-90FF531DF755): 1
LogDevObjectVersion:   Private-Geometry (6EACA3D4-40EC-4CC1-B786-8BED09428FC5): 3
LogDevObjectVersion:   Dev-AnimPhys (29E575DD-E0A3-4627-9D10-D276232CDCEA): 17
LogDevObjectVersion:   Dev-Anim (AF43A65D-7FD3-4947-9873-3E8ED9C1BB05): 7
LogDevObjectVersion:   Dev-ReflectionCapture (6B266CEC-1EC7-4B8F-A30B-E4D90942FC07): 1
LogDevObjectVersion:   Dev-Automation (0DF73D61-A23F-47EA-B727-89E90C41499A): 1
LogDevObjectVersion:   FortniteMain (601D1886-AC64-4F84-AA16-D3DE0DEAC7D6): 31
LogDevObjectVersion:   Dev-Enterprise (9DFFBCD6-494F-0158-E221-12823C92A888): 10
LogDevObjectVersion:   Dev-Niagara (F2AED0AC-9AFE-416F-8664-AA7FFA26D6FC): 1
LogDevObjectVersion:   Dev-Destruction (174F1F0B-B4C6-45A5-B13F-2EE8D0FB917D): 10
LogDevObjectVersion:   Dev-Physics-Ext (35F94A83-E258-406C-A318-09F59610247C): 37
LogDevObjectVersion:   Dev-PhysicsMaterial-Chaos (B68FC16E-8B1B-42E2-B453-215C058844FE): 1
LogDevObjectVersion:   Dev-CineCamera (B2E18506-4273-CFC2-A54E-F4BB758BBA07): 1
LogInit: Presizing for max 25165824 objects, including 0 objects not considered by GC, pre-allocating 0 bytes for permanent pool.
LogConfig: Applying CVar settings from Section [/Script/Engine.StreamingSettings] File [S:/Documents/Unreal/CoronaPunch/coronapunch/CoronaPunch/Saved/Config/Windows/Engine.ini]
LogConfig: Setting CVar [[s.MinBulkDataSizeForAsyncLoading:131072]]
LogConfig: Setting CVar [[s.AsyncLoadingThreadEnabled:0]]
LogConfig: Setting CVar [[s.EventDrivenLoaderEnabled:1]]
LogConfig: Setting CVar [[s.WarnIfTimeLimitExceeded:0]]
LogConfig: Setting CVar [[s.TimeLimitExceededMultiplier:1.5]]
LogConfig: Setting CVar [[s.TimeLimitExceededMinTime:0.005]]
LogConfig: Setting CVar [[s.UseBackgroundLevelStreaming:1]]
LogConfig: Setting CVar [[s.PriorityAsyncLoadingExtraTime:15.0]]
LogConfig: Setting CVar [[s.LevelStreamingActorsUpdateTimeLimit:5.0]]
LogConfig: Setting CVar [[s.PriorityLevelStreamingActorsUpdateExtraTime:5.0]]
LogConfig: Setting CVar [[s.LevelStreamingComponentsRegistrationGranularity:10]]
LogConfig: Setting CVar [[s.UnregisterComponentsTimeLimit:1.0]]
LogConfig: Setting CVar [[s.LevelStreamingComponentsUnregistrationGranularity:5]]
LogConfig: Setting CVar [[s.FlushStreamingOnExit:1]]
LogInit: Object subsystem initialized
LogConfig: Setting CVar [[con.DebugEarlyDefault:1]]
LogConfig: Setting CVar [[r.setres:1280x720]]
[2021.02.04-08.38.53:914][  0]LogConfig: Setting CVar [[con.DebugEarlyDefault:1]]
[2021.02.04-08.38.53:914][  0]LogConfig: Setting CVar [[r.setres:1280x720]]
[2021.02.04-08.38.53:914][  0]LogConfig: Applying CVar settings from Section [/Script/Engine.RendererSettings] File [S:/Documents/Unreal/CoronaPunch/coronapunch/CoronaPunch/Saved/Config/Windows/Engine.ini]
[2021.02.04-08.38.53:914][  0]LogConfig: Setting CVar [[r.GPUCrashDebugging:0]]
[2021.02.04-08.38.53:914][  0]LogConfig: Setting CVar [[r.Mobile.DisableVertexFog:1]]
[2021.02.04-08.38.53:914][  0]LogConfig: Setting CVar [[r.Shadow.CSM.MaxMobileCascades:2]]
[2021.02.04-08.38.53:914][  0]LogConfig: Setting CVar [[r.MobileMSAA:1]]
[2021.02.04-08.38.53:914][  0]LogConfig: Setting CVar [[r.Mobile.UseLegacyShadingModel:0]]
[2021.02.04-08.38.53:914][  0]LogConfig: Setting CVar [[r.Mobile.AllowDitheredLODTransition:0]]
[2021.02.04-08.38.53:914][  0]LogConfig: Setting CVar [[r.Mobile.AllowSoftwareOcclusion:0]]
[2021.02.04-08.38.53:914][  0]LogConfig: Setting CVar [[r.Mobile.VirtualTextures:0]]
[2021.02.04-08.38.53:914][  0]LogConfig: Setting CVar [[r.DiscardUnusedQuality:0]]
[2021.02.04-08.38.53:914][  0]LogConfig: Setting CVar [[r.AllowOcclusionQueries:1]]
[2021.02.04-08.38.53:914][  0]LogConfig: Setting CVar [[r.MinScreenRadiusForLights:0.030000]]
[2021.02.04-08.38.53:914][  0]LogConfig: Setting CVar [[r.MinScreenRadiusForDepthPrepass:0.030000]]
[2021.02.04-08.38.53:914][  0]LogConfig: Setting CVar [[r.MinScreenRadiusForCSMDepth:0.010000]]
[2021.02.04-08.38.53:914][  0]LogConfig: Setting CVar [[r.PrecomputedVisibilityWarning:0]]
[2021.02.04-08.38.53:914][  0]LogConfig: Setting CVar [[r.TextureStreaming:1]]
[2021.02.04-08.38.53:914][  0]LogConfig: Setting CVar [[Compat.UseDXT5NormalMaps:0]]
[2021.02.04-08.38.53:914][  0]LogConfig: Setting CVar [[r.VirtualTextures:0]]
[2021.02.04-08.38.53:914][  0]LogConfig: Setting CVar [[r.VirtualTexturedLightmaps:0]]
[2021.02.04-08.38.53:914][  0]LogConfig: Setting CVar [[r.VT.TileSize:128]]
[2021.02.04-08.38.53:914][  0]LogConfig: Setting CVar [[r.VT.TileBorderSize:4]]
[2021.02.04-08.38.53:914][  0]LogConfig: Setting CVar [[r.vt.FeedbackFactor:16]]
[2021.02.04-08.38.53:914][  0]LogConfig: Setting CVar [[r.VT.EnableCompressZlib:1]]
[2021.02.04-08.38.53:914][  0]LogConfig: Setting CVar [[r.VT.EnableCompressCrunch:0]]
[2021.02.04-08.38.53:914][  0]LogConfig: Setting CVar [[r.ClearCoatNormal:0]]
[2021.02.04-08.38.53:914][  0]LogConfig: Setting CVar [[r.AnisotropicBRDF:0]]
[2021.02.04-08.38.53:914][  0]LogConfig: Setting CVar [[r.ReflectionCaptureResolution:128]]
[2021.02.04-08.38.53:914][  0]LogConfig: Setting CVar [[r.ReflectionEnvironmentLightmapMixBasedOnRoughness:1]]
[2021.02.04-08.38.53:914][  0]LogConfig: Setting CVar [[r.ForwardShading:0]]
[2021.02.04-08.38.53:914][  0]LogConfig: Setting CVar [[r.VertexFoggingForOpaque:1]]
[2021.02.04-08.38.53:914][  0]LogConfig: Setting CVar [[r.AllowStaticLighting:1]]
[2021.02.04-08.38.53:914][  0]LogConfig: Setting CVar [[r.NormalMapsForStaticLighting:0]]
[2021.02.04-08.38.53:914][  0]LogConfig: Setting CVar [[r.GenerateMeshDistanceFields:0]]
[2021.02.04-08.38.53:914][  0]LogConfig: Setting CVar [[r.DistanceFieldBuild.EightBit:0]]
[2021.02.04-08.38.53:914][  0]LogConfig: Setting CVar [[r.GenerateLandscapeGIData:0]]
[2021.02.04-08.38.53:914][  0]LogConfig: Setting CVar [[r.DistanceFieldBuild.Compress:0]]
[2021.02.04-08.38.53:914][  0]LogConfig: Setting CVar [[r.TessellationAdaptivePixelsPerTriangle:48.000000]]
[2021.02.04-08.38.53:914][  0]LogConfig: Setting CVar [[r.SeparateTranslucency:0]]
[2021.02.04-08.38.53:914][  0]LogConfig: Setting CVar [[r.TranslucentSortPolicy:0]]
[2021.02.04-08.38.53:914][  0]LogConfig: Setting CVar [[r.CustomDepth:1]]
[2021.02.04-08.38.53:914][  0]LogConfig: Setting CVar [[r.CustomDepthTemporalAAJitter:1]]
[2021.02.04-08.38.53:914][  0]LogConfig: Setting CVar [[r.PostProcessing.PropagateAlpha:0]]
[2021.02.04-08.38.53:914][  0]LogConfig: Setting CVar [[r.DefaultFeature.Bloom:0]]
[2021.02.04-08.38.53:914][  0]LogConfig: Setting CVar [[r.DefaultFeature.AmbientOcclusion:0]]
[2021.02.04-08.38.53:914][  0]LogConfig: Setting CVar [[r.DefaultFeature.AmbientOcclusionStaticFraction:0]]
[2021.02.04-08.38.53:914][  0]LogConfig: Setting CVar [[r.DefaultFeature.AutoExposure:0]]
[2021.02.04-08.38.53:914][  0]LogConfig: Setting CVar [[r.DefaultFeature.AutoExposure.Method:0]]
[2021.02.04-08.38.53:914][  0]LogConfig: Setting CVar [[r.DefaultFeature.AutoExposure.Bias:1.000000]]
[2021.02.04-08.38.53:914][  0]LogConfig: Setting CVar [[r.DefaultFeature.AutoExposure.ExtendDefaultLuminanceRange:0]]
[2021.02.04-08.38.53:914][  0]LogConfig: Setting CVar [[r.UsePreExposure:1]]
[2021.02.04-08.38.53:915][  0]LogConfig: Setting CVar [[r.EyeAdaptation.EditorOnly:0]]
[2021.02.04-08.38.53:915][  0]LogConfig: Setting CVar [[r.DefaultFeature.MotionBlur:0]]
[2021.02.04-08.38.53:915][  0]LogConfig: Setting CVar [[r.DefaultFeature.LensFlare:0]]
[2021.02.04-08.38.53:915][  0]LogConfig: Setting CVar [[r.TemporalAA.Upsampling:0]]
[2021.02.04-08.38.53:915][  0]LogConfig: Setting CVar [[r.SSGI.Enable:0]]
[2021.02.04-08.38.53:915][  0]LogConfig: Setting CVar [[r.DefaultFeature.AntiAliasing:0]]
[2021.02.04-08.38.53:915][  0]LogConfig: Setting CVar [[r.DefaultFeature.LightUnits:1]]
[2021.02.04-08.38.53:915][  0]LogConfig: Setting CVar [[r.DefaultBackBufferPixelFormat:4]]
[2021.02.04-08.38.53:915][  0]LogConfig: Setting CVar [[r.Shadow.UnbuiltPreviewInGame:1]]
[2021.02.04-08.38.53:915][  0]LogConfig: Setting CVar [[r.StencilForLODDither:0]]
[2021.02.04-08.38.53:915][  0]LogConfig: Setting CVar [[r.EarlyZPass:3]]
[2021.02.04-08.38.53:915][  0]LogConfig: Setting CVar [[r.EarlyZPassOnlyMaterialMasking:0]]
[2021.02.04-08.38.53:915][  0]LogConfig: Setting CVar [[r.DBuffer:1]]
[2021.02.04-08.38.53:915][  0]LogConfig: Setting CVar [[r.ClearSceneMethod:1]]
[2021.02.04-08.38.53:915][  0]LogConfig: Setting CVar [[r.BasePassOutputsVelocity:0]]
[2021.02.04-08.38.53:915][  0]LogConfig: Setting CVar [[r.VertexDeformationOutputsVelocity:0]]
[2021.02.04-08.38.53:915][  0]LogConfig: Setting CVar [[r.SelectiveBasePassOutputs:0]]
[2021.02.04-08.38.53:915][  0]LogConfig: Setting CVar [[fx.GPUSimulationTextureSizeX:1024]]
[2021.02.04-08.38.53:915][  0]LogConfig: Setting CVar [[fx.GPUSimulationTextureSizeY:1024]]
[2021.02.04-08.38.53:915][  0]LogConfig: Setting CVar [[r.AllowGlobalClipPlane:0]]
[2021.02.04-08.38.53:915][  0]LogConfig: Setting CVar [[r.GBufferFormat:1]]
[2021.02.04-08.38.53:915][  0]LogConfig: Setting CVar [[r.MorphTarget.Mode:1]]
[2021.02.04-08.38.53:915][  0]LogConfig: Setting CVar [[vr.InstancedStereo:1]]
[2021.02.04-08.38.53:915][  0]LogConfig: Setting CVar [[r.MobileHDR:1]]
[2021.02.04-08.38.53:915][  0]LogConfig: Setting CVar [[vr.MobileMultiView:0]]
[2021.02.04-08.38.53:915][  0]LogConfig: Setting CVar [[r.Mobile.UseHWsRGBEncoding:0]]
[2021.02.04-08.38.53:915][  0]LogConfig: Setting CVar [[vr.RoundRobinOcclusion:0]]
[2021.02.04-08.38.53:915][  0]LogConfig: Setting CVar [[vr.ODSCapture:0]]
[2021.02.04-08.38.53:915][  0]LogConfig: Setting CVar [[r.MeshStreaming:0]]
[2021.02.04-08.38.53:915][  0]LogConfig: Setting CVar [[r.WireframeCullThreshold:5.000000]]
[2021.02.04-08.38.53:915][  0]LogConfig: Setting CVar [[r.RayTracing:0]]
[2021.02.04-08.38.53:915][  0]LogConfig: Setting CVar [[r.RayTracing.UseTextureLod:0]]
[2021.02.04-08.38.53:915][  0]LogConfig: Setting CVar [[r.SupportStationarySkylight:1]]
[2021.02.04-08.38.53:915][  0]LogConfig: Setting CVar [[r.SupportLowQualityLightmaps:1]]
[2021.02.04-08.38.53:915][  0]LogConfig: Setting CVar [[r.SupportPointLightWholeSceneShadows:1]]
[2021.02.04-08.38.53:915][  0]LogConfig: Setting CVar [[r.SupportAtmosphericFog:1]]
[2021.02.04-08.38.53:915][  0]LogConfig: Setting CVar [[r.SupportSkyAtmosphere:1]]
[2021.02.04-08.38.53:915][  0]LogConfig: Setting CVar [[r.SupportSkyAtmosphereAffectsHeightFog:0]]
[2021.02.04-08.38.53:915][  0]LogConfig: Setting CVar [[r.SkinCache.CompileShaders:0]]
[2021.02.04-08.38.53:915][  0]LogConfig: Setting CVar [[r.SkinCache.DefaultBehavior:1]]
[2021.02.04-08.38.53:915][  0]LogConfig: Setting CVar [[r.SkinCache.SceneMemoryLimitInMB:128.000000]]
[2021.02.04-08.38.53:915][  0]LogConfig: Setting CVar [[r.Mobile.EnableStaticAndCSMShadowReceivers:1]]
[2021.02.04-08.38.53:915][  0]LogConfig: Setting CVar [[r.Mobile.EnableMovableLightCSMShaderCulling:1]]
[2021.02.04-08.38.53:915][  0]LogConfig: Setting CVar [[r.Mobile.AllowDistanceFieldShadows:1]]
[2021.02.04-08.38.53:915][  0]LogConfig: Setting CVar [[r.Mobile.AllowMovableDirectionalLights:1]]
[2021.02.04-08.38.53:915][  0]LogConfig: Setting CVar [[r.MobileNumDynamicPointLights:4]]
[2021.02.04-08.38.53:915][  0]LogConfig: Setting CVar [[r.MobileDynamicPointLightsUseStaticBranch:1]]
[2021.02.04-08.38.53:915][  0]LogConfig: Setting CVar [[r.Mobile.EnableMovableSpotlights:0]]
[2021.02.04-08.38.53:915][  0]LogConfig: Setting CVar [[r.GPUSkin.Support16BitBoneIndex:0]]
[2021.02.04-08.38.53:915][  0]LogConfig: Setting CVar [[r.GPUSkin.Limit2BoneInfluences:0]]
[2021.02.04-08.38.53:915][  0]LogConfig: Setting CVar [[r.SupportDepthOnlyIndexBuffers:1]]
[2021.02.04-08.38.53:915][  0]LogConfig: Setting CVar [[r.SupportReversedIndexBuffers:1]]
[2021.02.04-08.38.53:915][  0]LogConfig: Setting CVar [[r.SupportMaterialLayers:0]]
[2021.02.04-08.38.53:915][  0]LogConfig: Setting CVar [[r.LightPropagationVolume:0]]
[2021.02.04-08.38.53:915][  0]LogConfig: Applying CVar settings from Section [/Script/Engine.RendererOverrideSettings] File [S:/Documents/Unreal/CoronaPunch/coronapunch/CoronaPunch/Saved/Config/Windows/Engine.ini]
[2021.02.04-08.38.53:915][  0]LogConfig: Applying CVar settings from Section [/Script/Engine.StreamingSettings] File [S:/Documents/Unreal/CoronaPunch/coronapunch/CoronaPunch/Saved/Config/Windows/Engine.ini]
[2021.02.04-08.38.53:915][  0]LogConfig: Setting CVar [[s.MinBulkDataSizeForAsyncLoading:131072]]
[2021.02.04-08.38.53:915][  0]LogConfig: Setting CVar [[s.AsyncLoadingThreadEnabled:0]]
[2021.02.04-08.38.53:915][  0]LogConfig: Setting CVar [[s.EventDrivenLoaderEnabled:1]]
[2021.02.04-08.38.53:915][  0]LogConfig: Setting CVar [[s.WarnIfTimeLimitExceeded:0]]
[2021.02.04-08.38.53:915][  0]LogConfig: Setting CVar [[s.TimeLimitExceededMultiplier:1.5]]
[2021.02.04-08.38.53:915][  0]LogConfig: Setting CVar [[s.TimeLimitExceededMinTime:0.005]]
[2021.02.04-08.38.53:915][  0]LogConfig: Setting CVar [[s.UseBackgroundLevelStreaming:1]]
[2021.02.04-08.38.53:915][  0]LogConfig: Setting CVar [[s.PriorityAsyncLoadingExtraTime:15.0]]
[2021.02.04-08.38.53:915][  0]LogConfig: Setting CVar [[s.LevelStreamingActorsUpdateTimeLimit:5.0]]
[2021.02.04-08.38.53:915][  0]LogConfig: Setting CVar [[s.PriorityLevelStreamingActorsUpdateExtraTime:5.0]]
[2021.02.04-08.38.53:915][  0]LogConfig: Setting CVar [[s.LevelStreamingComponentsRegistrationGranularity:10]]
[2021.02.04-08.38.53:915][  0]LogConfig: Setting CVar [[s.UnregisterComponentsTimeLimit:1.0]]
[2021.02.04-08.38.53:915][  0]LogConfig: Setting CVar [[s.LevelStreamingComponentsUnregistrationGranularity:5]]
[2021.02.04-08.38.53:915][  0]LogConfig: Setting CVar [[s.FlushStreamingOnExit:1]]
[2021.02.04-08.38.53:915][  0]LogConfig: Applying CVar settings from Section [/Script/Engine.GarbageCollectionSettings] File [S:/Documents/Unreal/CoronaPunch/coronapunch/CoronaPunch/Saved/Config/Windows/Engine.ini]
[2021.02.04-08.38.53:915][  0]LogConfig: Setting CVar [[gc.MaxObjectsNotConsideredByGC:1]]
[2021.02.04-08.38.53:915][  0]LogConfig: Setting CVar [[gc.SizeOfPermanentObjectPool:0]]
[2021.02.04-08.38.53:915][  0]LogConfig: Setting CVar [[gc.FlushStreamingOnGC:0]]
[2021.02.04-08.38.53:915][  0]LogConfig: Setting CVar [[gc.NumRetriesBeforeForcingGC:10]]
[2021.02.04-08.38.53:915][  0]LogConfig: Setting CVar [[gc.AllowParallelGC:1]]
[2021.02.04-08.38.53:915][  0]LogConfig: Setting CVar [[gc.TimeBetweenPurgingPendingKillObjects:61.1]]
[2021.02.04-08.38.53:915][  0]LogConfig: Setting CVar [[gc.MaxObjectsInEditor:25165824]]
[2021.02.04-08.38.53:915][  0]LogConfig: Setting CVar [[gc.IncrementalBeginDestroyEnabled:1]]
[2021.02.04-08.38.53:915][  0]LogConfig: Setting CVar [[gc.CreateGCClusters:1]]
[2021.02.04-08.38.53:916][  0]LogConfig: Setting CVar [[gc.MinGCClusterSize:5]]
[2021.02.04-08.38.53:916][  0]LogConfig: Setting CVar [[gc.ActorClusteringEnabled:0]]
[2021.02.04-08.38.53:916][  0]LogConfig: Setting CVar [[gc.BlueprintClusteringEnabled:0]]
[2021.02.04-08.38.53:916][  0]LogConfig: Setting CVar [[gc.UseDisregardForGCOnDedicatedServers:0]]
[2021.02.04-08.38.53:916][  0]LogConfig: Applying CVar settings from Section [/Script/Engine.NetworkSettings] File [S:/Documents/Unreal/CoronaPunch/coronapunch/CoronaPunch/Saved/Config/Windows/Engine.ini]
[2021.02.04-08.38.53:916][  0]LogConfig: Applying CVar settings from Section [/Script/UnrealEd.CookerSettings] File [S:/Documents/Unreal/CoronaPunch/coronapunch/CoronaPunch/Saved/Config/Windows/Engine.ini]
[2021.02.04-08.38.53:918][  0]LogConfig: Applying CVar settings from Section [ViewDistanceQuality@3] File [S:/Documents/Unreal/CoronaPunch/coronapunch/CoronaPunch/Saved/Config/Windows/Scalability.ini]
[2021.02.04-08.38.53:918][  0]LogConfig: Setting CVar [[r.SkeletalMeshLODBias:0]]
[2021.02.04-08.38.53:918][  0]LogConfig: Setting CVar [[r.ViewDistanceScale:1.0]]
[2021.02.04-08.38.53:918][  0]LogConfig: Applying CVar settings from Section [AntiAliasingQuality@3] File [S:/Documents/Unreal/CoronaPunch/coronapunch/CoronaPunch/Saved/Config/Windows/Scalability.ini]
[2021.02.04-08.38.53:918][  0]LogConfig: Setting CVar [[r.PostProcessAAQuality:3]]
[2021.02.04-08.38.53:918][  0]LogConfig: Applying CVar settings from Section [ShadowQuality@3] File [S:/Documents/Unreal/CoronaPunch/coronapunch/CoronaPunch/Saved/Config/Windows/Scalability.ini]
[2021.02.04-08.38.53:918][  0]LogConfig: Setting CVar [[r.LightFunctionQuality:1]]
[2021.02.04-08.38.53:918][  0]LogConfig: Setting CVar [[r.ShadowQuality:5]]
[2021.02.04-08.38.53:918][  0]LogConfig: Setting CVar [[r.Shadow.CSM.MaxCascades:10]]
[2021.02.04-08.38.53:918][  0]LogConfig: Setting CVar [[r.Shadow.MaxResolution:2048]]
[2021.02.04-08.38.53:918][  0]LogConfig: Setting CVar [[r.Shadow.MaxCSMResolution:2048]]
[2021.02.04-08.38.53:918][  0]LogConfig: Setting CVar [[r.Shadow.RadiusThreshold:0.01]]
[2021.02.04-08.38.53:918][  0]LogConfig: Setting CVar [[r.Shadow.DistanceScale:1.0]]
[2021.02.04-08.38.53:918][  0]LogConfig: Setting CVar [[r.Shadow.CSM.TransitionScale:1.0]]
[2021.02.04-08.38.53:918][  0]LogConfig: Setting CVar [[r.Shadow.PreShadowResolutionFactor:1.0]]
[2021.02.04-08.38.53:918][  0]LogConfig: Setting CVar [[r.DistanceFieldShadowing:1]]
[2021.02.04-08.38.53:918][  0]LogConfig: Setting CVar [[r.DistanceFieldAO:1]]
[2021.02.04-08.38.53:918][  0]LogConfig: Setting CVar [[r.AOQuality:2]]
[2021.02.04-08.38.53:918][  0]LogConfig: Setting CVar [[r.VolumetricFog:1]]
[2021.02.04-08.38.53:918][  0]LogConfig: Setting CVar [[r.VolumetricFog.GridPixelSize:8]]
[2021.02.04-08.38.53:918][  0]LogConfig: Setting CVar [[r.VolumetricFog.GridSizeZ:128]]
[2021.02.04-08.38.53:918][  0]LogConfig: Setting CVar [[r.VolumetricFog.HistoryMissSupersampleCount:4]]
[2021.02.04-08.38.53:918][  0]LogConfig: Setting CVar [[r.LightMaxDrawDistanceScale:1]]
[2021.02.04-08.38.53:918][  0]LogConfig: Setting CVar [[r.CapsuleShadows:1]]
[2021.02.04-08.38.53:918][  0]LogConfig: Applying CVar settings from Section [PostProcessQuality@3] File [S:/Documents/Unreal/CoronaPunch/coronapunch/CoronaPunch/Saved/Config/Windows/Scalability.ini]
[2021.02.04-08.38.53:918][  0]LogConfig: Setting CVar [[r.MotionBlurQuality:0]]
[2021.02.04-08.38.53:918][  0]LogConfig: Setting CVar [[r.AmbientOcclusionMipLevelFactor:0.4]]
[2021.02.04-08.38.53:918][  0]LogConfig: Setting CVar [[r.AmbientOcclusionMaxQuality:100]]
[2021.02.04-08.38.53:918][  0]LogConfig: Setting CVar [[r.AmbientOcclusionLevels:0]]
[2021.02.04-08.38.53:919][  0]LogConfig: Setting CVar [[r.AmbientOcclusionRadiusScale:1.0]]
[2021.02.04-08.38.53:919][  0]LogConfig: Setting CVar [[r.DepthOfFieldQuality:0]]
[2021.02.04-08.38.53:919][  0]LogConfig: Setting CVar [[r.RenderTargetPoolMin:400]]
[2021.02.04-08.38.53:919][  0]LogConfig: Setting CVar [[r.LensFlareQuality:0]]
[2021.02.04-08.38.53:919][  0]LogConfig: Setting CVar [[r.SceneColorFringeQuality:0]]
[2021.02.04-08.38.53:919][  0]LogConfig: Setting CVar [[r.EyeAdaptationQuality:2]]
[2021.02.04-08.38.53:919][  0]LogConfig: Setting CVar [[r.BloomQuality:1]]
[2021.02.04-08.38.53:919][  0]LogConfig: Setting CVar [[r.FastBlurThreshold:0]]
[2021.02.04-08.38.53:919][  0]LogConfig: Setting CVar [[r.Upscale.Quality:3]]
[2021.02.04-08.38.53:919][  0]LogConfig: Setting CVar [[r.Tonemapper.GrainQuantization:1]]
[2021.02.04-08.38.53:919][  0]LogConfig: Setting CVar [[r.LightShaftQuality:1]]
[2021.02.04-08.38.53:919][  0]LogConfig: Setting CVar [[r.Filter.SizeScale:1]]
[2021.02.04-08.38.53:919][  0]LogConfig: Setting CVar [[r.Tonemapper.Quality:5]]
[2021.02.04-08.38.53:919][  0]LogConfig: Setting CVar [[r.DOF.Gather.AccumulatorQuality:1        ; higher gathering accumulator quality]]
[2021.02.04-08.38.53:919][  0]LogConfig: Setting CVar [[r.DOF.Gather.PostfilterMethod:1          ; Median3x3 postfilering method]]
[2021.02.04-08.38.53:919][  0]LogConfig: Setting CVar [[r.DOF.Gather.EnableBokehSettings:0       ; no bokeh simulation when gathering]]
[2021.02.04-08.38.53:919][  0]LogConfig: Setting CVar [[r.DOF.Gather.RingCount:4                 ; medium number of samples when gathering]]
[2021.02.04-08.38.53:919][  0]LogConfig: Setting CVar [[r.DOF.Scatter.ForegroundCompositing:1    ; additive foreground scattering]]
[2021.02.04-08.38.53:919][  0]LogConfig: Setting CVar [[r.DOF.Scatter.BackgroundCompositing:2    ; additive background scattering]]
[2021.02.04-08.38.53:919][  0]LogConfig: Setting CVar [[r.DOF.Scatter.EnableBokehSettings:1      ; bokeh simulation when scattering]]
[2021.02.04-08.38.53:919][  0]LogConfig: Setting CVar [[r.DOF.Scatter.MaxSpriteRatio:0.1         ; only a maximum of 10% of scattered bokeh]]
[2021.02.04-08.38.53:919][  0]LogConfig: Setting CVar [[r.DOF.Recombine.Quality:1                ; cheap slight out of focus]]
[2021.02.04-08.38.53:919][  0]LogConfig: Setting CVar [[r.DOF.Recombine.EnableBokehSettings:0    ; no bokeh simulation on slight out of focus]]
[2021.02.04-08.38.53:919][  0]LogConfig: Setting CVar [[r.DOF.TemporalAAQuality:1                ; more stable temporal accumulation]]
[2021.02.04-08.38.53:919][  0]LogConfig: Setting CVar [[r.DOF.Kernel.MaxForegroundRadius:0.025]]
[2021.02.04-08.38.53:919][  0]LogConfig: Setting CVar [[r.DOF.Kernel.MaxBackgroundRadius:0.025]]
[2021.02.04-08.38.53:919][  0]LogConfig: Applying CVar settings from Section [TextureQuality@3] File [S:/Documents/Unreal/CoronaPunch/coronapunch/CoronaPunch/Saved/Config/Windows/Scalability.ini]
[2021.02.04-08.38.53:919][  0]LogConfig: Setting CVar [[r.Streaming.MipBias:0]]
[2021.02.04-08.38.53:919][  0]LogConfig: Setting CVar [[r.Streaming.AmortizeCPUToGPUCopy:0]]
[2021.02.04-08.38.53:919][  0]LogConfig: Setting CVar [[r.Streaming.MaxNumTexturesToStreamPerFrame:0]]
[2021.02.04-08.38.53:919][  0]LogConfig: Setting CVar [[r.Streaming.Boost:1]]
[2021.02.04-08.38.53:919][  0]LogConfig: Setting CVar [[r.MaxAnisotropy:8]]
[2021.02.04-08.38.53:919][  0]LogConfig: Setting CVar [[r.VT.MaxAnisotropy:8]]
[2021.02.04-08.38.53:919][  0]LogConfig: Setting CVar [[r.Streaming.LimitPoolSizeToVRAM:0]]
[2021.02.04-08.38.53:919][  0]LogConfig: Setting CVar [[r.Streaming.PoolSize:1000]]
[2021.02.04-08.38.53:919][  0]LogConfig: Setting CVar [[r.Streaming.MaxEffectiveScreenSize:0]]
[2021.02.04-08.38.53:919][  0]LogConfig: Applying CVar settings from Section [EffectsQuality@3] File [S:/Documents/Unreal/CoronaPunch/coronapunch/CoronaPunch/Saved/Config/Windows/Scalability.ini]
[2021.02.04-08.38.53:919][  0]LogConfig: Setting CVar [[r.TranslucencyLightingVolumeDim:4]]
[2021.02.04-08.38.53:919][  0]LogConfig: Setting CVar [[r.RefractionQuality:2]]
[2021.02.04-08.38.53:919][  0]LogConfig: Setting CVar [[r.SSR.Quality:0]]
[2021.02.04-08.38.53:919][  0]LogConfig: Setting CVar [[r.SSR.HalfResSceneColor:0]]
[2021.02.04-08.38.53:919][  0]LogConfig: Setting CVar [[r.SceneColorFormat:2]]
[2021.02.04-08.38.53:919][  0]LogConfig: Setting CVar [[r.DetailMode:2]]
[2021.02.04-08.38.53:919][  0]LogConfig: Setting CVar [[r.TranslucencyVolumeBlur:0]]
[2021.02.04-08.38.53:919][  0]LogConfig: Setting CVar [[r.MaterialQualityLevel:1 ; High quality]]
[2021.02.04-08.38.53:919][  0]LogConfig: Setting CVar [[r.SSS.Scale:1]]
[2021.02.04-08.38.53:919][  0]LogConfig: Setting CVar [[r.SSS.SampleSet:2]]
[2021.02.04-08.38.53:919][  0]LogConfig: Setting CVar [[r.SSS.Quality:1]]
[2021.02.04-08.38.53:919][  0]LogConfig: Setting CVar [[r.SSS.HalfRes:0]]
[2021.02.04-08.38.53:919][  0]LogConfig: Setting CVar [[r.SSGI.Quality:3]]
[2021.02.04-08.38.53:919][  0]LogConfig: Setting CVar [[r.EmitterSpawnRateScale:1.0]]
[2021.02.04-08.38.53:919][  0]LogConfig: Setting CVar [[r.ParticleLightQuality:2]]
[2021.02.04-08.38.53:919][  0]LogConfig: Setting CVar [[r.SkyAtmosphere.AerialPerspectiveLUT.FastApplyOnOpaque:1 ; Always have FastSkyLUT 1 in this case to avoid wrong sky]]
[2021.02.04-08.38.53:919][  0]LogConfig: Setting CVar [[r.SkyAtmosphere.AerialPerspectiveLUT.SampleCountPerSlice:1]]
[2021.02.04-08.38.53:919][  0]LogConfig: Setting CVar [[r.SkyAtmosphere.AerialPerspectiveLUT.DepthResolution:16.0]]
[2021.02.04-08.38.53:919][  0]LogConfig: Setting CVar [[r.SkyAtmosphere.FastSkyLUT:1]]
[2021.02.04-08.38.53:919][  0]LogConfig: Setting CVar [[r.SkyAtmosphere.FastSkyLUT.SampleCountMin:4.0]]
[2021.02.04-08.38.53:919][  0]LogConfig: Setting CVar [[r.SkyAtmosphere.FastSkyLUT.SampleCountMax:32.0]]
[2021.02.04-08.38.53:919][  0]LogConfig: Setting CVar [[r.SkyAtmosphere.SampleCountMin:4.0]]
[2021.02.04-08.38.53:919][  0]LogConfig: Setting CVar [[r.SkyAtmosphere.SampleCountMax:32.0]]
[2021.02.04-08.38.53:919][  0]LogConfig: Setting CVar [[r.SkyAtmosphere.TransmittanceLUT.UseSmallFormat:0]]
[2021.02.04-08.38.53:919][  0]LogConfig: Setting CVar [[r.SkyAtmosphere.TransmittanceLUT.SampleCount:10.0]]
[2021.02.04-08.38.53:919][  0]LogConfig: Setting CVar [[r.SkyAtmosphere.MultiScatteringLUT.SampleCount:15.0]]
[2021.02.04-08.38.53:919][  0]LogConfig: Applying CVar settings from Section [FoliageQuality@3] File [S:/Documents/Unreal/CoronaPunch/coronapunch/CoronaPunch/Saved/Config/Windows/Scalability.ini]
[2021.02.04-08.38.53:919][  0]LogConfig: Setting CVar [[foliage.DensityScale:1.0]]
[2021.02.04-08.38.53:919][  0]LogConfig: Setting CVar [[grass.DensityScale:1.0]]
[2021.02.04-08.38.53:919][  0]LogConfig: Applying CVar settings from Section [ShadingQuality@3] File [S:/Documents/Unreal/CoronaPunch/coronapunch/CoronaPunch/Saved/Config/Windows/Scalability.ini]
[2021.02.04-08.38.53:919][  0]LogConfig: Setting CVar [[r.HairStrands.SkyLighting.SampleCount:16]]
[2021.02.04-08.38.53:919][  0]LogConfig: Setting CVar [[r.HairStrands.SkyLighting.JitterIntegration:0]]
[2021.02.04-08.38.53:920][  0]LogConfig: Setting CVar [[r.HairStrands.SkyAO.SampleCount:16]]
[2021.02.04-08.38.53:920][  0]LogConfig: Setting CVar [[r.HairStrands.DeepShadow.SuperSampling:0]]
[2021.02.04-08.38.53:920][  0]LogConfig: Setting CVar [[r.HairStrands.VisibilityPPLL:0]]
[2021.02.04-08.38.53:920][  0]LogConfig: Setting CVar [[r.HairStrands.RasterizationScale:0.5]]
[2021.02.04-08.38.53:920][  0]LogConfig: Setting CVar [[r.HairStrands.VelocityRasterizationScale:1]]
[2021.02.04-08.38.53:920][  0]LogInit: Selected Device Profile: [Windows]
[2021.02.04-08.38.53:920][  0]LogInit: Applying CVar settings loaded from the selected device profile: [Windows]
[2021.02.04-08.38.53:920][  0]LogHAL: Display: Platform has ~ 8 GB [8529289216 / 8589934592 / 8], which maps to Default [LargestMinGB=32, LargerMinGB=12, DefaultMinGB=8, SmallerMinGB=6, SmallestMinGB=0)
[2021.02.04-08.38.53:920][  0]LogInit: Going up to parent DeviceProfile []
[2021.02.04-08.38.53:920][  0]LogConfig: Applying CVar settings from Section [ViewDistanceQuality@3] File [S:/Documents/Unreal/CoronaPunch/coronapunch/CoronaPunch/Saved/Config/Windows/Scalability.ini]
[2021.02.04-08.38.53:920][  0]LogConfig: Setting CVar [[r.SkeletalMeshLODBias:0]]
[2021.02.04-08.38.53:920][  0]LogConfig: Setting CVar [[r.ViewDistanceScale:1.0]]
[2021.02.04-08.38.53:920][  0]LogConfig: Applying CVar settings from Section [AntiAliasingQuality@3] File [S:/Documents/Unreal/CoronaPunch/coronapunch/CoronaPunch/Saved/Config/Windows/Scalability.ini]
[2021.02.04-08.38.53:920][  0]LogConfig: Setting CVar [[r.PostProcessAAQuality:3]]
[2021.02.04-08.38.53:920][  0]LogConfig: Applying CVar settings from Section [ShadowQuality@3] File [S:/Documents/Unreal/CoronaPunch/coronapunch/CoronaPunch/Saved/Config/Windows/Scalability.ini]
[2021.02.04-08.38.53:920][  0]LogConfig: Setting CVar [[r.LightFunctionQuality:1]]
[2021.02.04-08.38.53:920][  0]LogConfig: Setting CVar [[r.ShadowQuality:5]]
[2021.02.04-08.38.53:920][  0]LogConfig: Setting CVar [[r.Shadow.CSM.MaxCascades:10]]
[2021.02.04-08.38.53:920][  0]LogConfig: Setting CVar [[r.Shadow.MaxResolution:2048]]
[2021.02.04-08.38.53:920][  0]LogConfig: Setting CVar [[r.Shadow.MaxCSMResolution:2048]]
[2021.02.04-08.38.53:920][  0]LogConfig: Setting CVar [[r.Shadow.RadiusThreshold:0.01]]
[2021.02.04-08.38.53:920][  0]LogConfig: Setting CVar [[r.Shadow.DistanceScale:1.0]]
[2021.02.04-08.38.53:920][  0]LogConfig: Setting CVar [[r.Shadow.CSM.TransitionScale:1.0]]
[2021.02.04-08.38.53:920][  0]LogConfig: Setting CVar [[r.Shadow.PreShadowResolutionFactor:1.0]]
[2021.02.04-08.38.53:920][  0]LogConfig: Setting CVar [[r.DistanceFieldShadowing:1]]
[2021.02.04-08.38.53:920][  0]LogConfig: Setting CVar [[r.DistanceFieldAO:1]]
[2021.02.04-08.38.53:920][  0]LogConfig: Setting CVar [[r.AOQuality:2]]
[2021.02.04-08.38.53:920][  0]LogConfig: Setting CVar [[r.VolumetricFog:1]]
[2021.02.04-08.38.53:920][  0]LogConfig: Setting CVar [[r.VolumetricFog.GridPixelSize:8]]
[2021.02.04-08.38.53:920][  0]LogConfig: Setting CVar [[r.VolumetricFog.GridSizeZ:128]]
[2021.02.04-08.38.53:920][  0]LogConfig: Setting CVar [[r.VolumetricFog.HistoryMissSupersampleCount:4]]
[2021.02.04-08.38.53:920][  0]LogConfig: Setting CVar [[r.LightMaxDrawDistanceScale:1]]
[2021.02.04-08.38.53:920][  0]LogConfig: Setting CVar [[r.CapsuleShadows:1]]
[2021.02.04-08.38.53:920][  0]LogConfig: Applying CVar settings from Section [PostProcessQuality@3] File [S:/Documents/Unreal/CoronaPunch/coronapunch/CoronaPunch/Saved/Config/Windows/Scalability.ini]
[2021.02.04-08.38.53:920][  0]LogConfig: Setting CVar [[r.MotionBlurQuality:0]]
[2021.02.04-08.38.53:920][  0]LogConfig: Setting CVar [[r.AmbientOcclusionMipLevelFactor:0.4]]
[2021.02.04-08.38.53:920][  0]LogConfig: Setting CVar [[r.AmbientOcclusionMaxQuality:100]]
[2021.02.04-08.38.53:920][  0]LogConfig: Setting CVar [[r.AmbientOcclusionLevels:0]]
[2021.02.04-08.38.53:920][  0]LogConfig: Setting CVar [[r.AmbientOcclusionRadiusScale:1.0]]
[2021.02.04-08.38.53:920][  0]LogConfig: Setting CVar [[r.DepthOfFieldQuality:0]]
[2021.02.04-08.38.53:920][  0]LogConfig: Setting CVar [[r.RenderTargetPoolMin:400]]
[2021.02.04-08.38.53:920][  0]LogConfig: Setting CVar [[r.LensFlareQuality:0]]
[2021.02.04-08.38.53:920][  0]LogConfig: Setting CVar [[r.SceneColorFringeQuality:0]]
[2021.02.04-08.38.53:920][  0]LogConfig: Setting CVar [[r.EyeAdaptationQuality:2]]
[2021.02.04-08.38.53:920][  0]LogConfig: Setting CVar [[r.BloomQuality:1]]
[2021.02.04-08.38.53:920][  0]LogConfig: Setting CVar [[r.FastBlurThreshold:0]]
[2021.02.04-08.38.53:920][  0]LogConfig: Setting CVar [[r.Upscale.Quality:3]]
[2021.02.04-08.38.53:920][  0]LogConfig: Setting CVar [[r.Tonemapper.GrainQuantization:1]]
[2021.02.04-08.38.53:920][  0]LogConfig: Setting CVar [[r.LightShaftQuality:1]]
[2021.02.04-08.38.53:920][  0]LogConfig: Setting CVar [[r.Filter.SizeScale:1]]
[2021.02.04-08.38.53:920][  0]LogConfig: Setting CVar [[r.Tonemapper.Quality:5]]
[2021.02.04-08.38.53:920][  0]LogConfig: Setting CVar [[r.DOF.Gather.AccumulatorQuality:1        ; higher gathering accumulator quality]]
[2021.02.04-08.38.53:920][  0]LogConfig: Setting CVar [[r.DOF.Gather.PostfilterMethod:1          ; Median3x3 postfilering method]]
[2021.02.04-08.38.53:920][  0]LogConfig: Setting CVar [[r.DOF.Gather.EnableBokehSettings:0       ; no bokeh simulation when gathering]]
[2021.02.04-08.38.53:920][  0]LogConfig: Setting CVar [[r.DOF.Gather.RingCount:4                 ; medium number of samples when gathering]]
[2021.02.04-08.38.53:920][  0]LogConfig: Setting CVar [[r.DOF.Scatter.ForegroundCompositing:1    ; additive foreground scattering]]
[2021.02.04-08.38.53:920][  0]LogConfig: Setting CVar [[r.DOF.Scatter.BackgroundCompositing:2    ; additive background scattering]]
[2021.02.04-08.38.53:920][  0]LogConfig: Setting CVar [[r.DOF.Scatter.EnableBokehSettings:1      ; bokeh simulation when scattering]]
[2021.02.04-08.38.53:920][  0]LogConfig: Setting CVar [[r.DOF.Scatter.MaxSpriteRatio:0.1         ; only a maximum of 10% of scattered bokeh]]
[2021.02.04-08.38.53:920][  0]LogConfig: Setting CVar [[r.DOF.Recombine.Quality:1                ; cheap slight out of focus]]
[2021.02.04-08.38.53:920][  0]LogConfig: Setting CVar [[r.DOF.Recombine.EnableBokehSettings:0    ; no bokeh simulation on slight out of focus]]
[2021.02.04-08.38.53:920][  0]LogConfig: Setting CVar [[r.DOF.TemporalAAQuality:1                ; more stable temporal accumulation]]
[2021.02.04-08.38.53:921][  0]LogConfig: Setting CVar [[r.DOF.Kernel.MaxForegroundRadius:0.025]]
[2021.02.04-08.38.53:921][  0]LogConfig: Setting CVar [[r.DOF.Kernel.MaxBackgroundRadius:0.025]]
[2021.02.04-08.38.53:921][  0]LogConfig: Applying CVar settings from Section [TextureQuality@3] File [S:/Documents/Unreal/CoronaPunch/coronapunch/CoronaPunch/Saved/Config/Windows/Scalability.ini]
[2021.02.04-08.38.53:921][  0]LogConfig: Setting CVar [[r.Streaming.MipBias:0]]
[2021.02.04-08.38.53:921][  0]LogConfig: Setting CVar [[r.Streaming.AmortizeCPUToGPUCopy:0]]
[2021.02.04-08.38.53:921][  0]LogConfig: Setting CVar [[r.Streaming.MaxNumTexturesToStreamPerFrame:0]]
[2021.02.04-08.38.53:921][  0]LogConfig: Setting CVar [[r.Streaming.Boost:1]]
[2021.02.04-08.38.53:921][  0]LogConfig: Setting CVar [[r.MaxAnisotropy:8]]
[2021.02.04-08.38.53:921][  0]LogConfig: Setting CVar [[r.VT.MaxAnisotropy:8]]
[2021.02.04-08.38.53:921][  0]LogConfig: Setting CVar [[r.Streaming.LimitPoolSizeToVRAM:0]]
[2021.02.04-08.38.53:921][  0]LogConfig: Setting CVar [[r.Streaming.PoolSize:1000]]
[2021.02.04-08.38.53:921][  0]LogConfig: Setting CVar [[r.Streaming.MaxEffectiveScreenSize:0]]
[2021.02.04-08.38.53:921][  0]LogConfig: Applying CVar settings from Section [EffectsQuality@3] File [S:/Documents/Unreal/CoronaPunch/coronapunch/CoronaPunch/Saved/Config/Windows/Scalability.ini]
[2021.02.04-08.38.53:921][  0]LogConfig: Setting CVar [[r.TranslucencyLightingVolumeDim:4]]
[2021.02.04-08.38.53:921][  0]LogConfig: Setting CVar [[r.RefractionQuality:2]]
[2021.02.04-08.38.53:921][  0]LogConfig: Setting CVar [[r.SSR.Quality:0]]
[2021.02.04-08.38.53:921][  0]LogConfig: Setting CVar [[r.SSR.HalfResSceneColor:0]]
[2021.02.04-08.38.53:921][  0]LogConfig: Setting CVar [[r.SceneColorFormat:2]]
[2021.02.04-08.38.53:921][  0]LogConfig: Setting CVar [[r.DetailMode:2]]
[2021.02.04-08.38.53:921][  0]LogConfig: Setting CVar [[r.TranslucencyVolumeBlur:0]]
[2021.02.04-08.38.53:921][  0]LogConfig: Setting CVar [[r.MaterialQualityLevel:1 ; High quality]]
[2021.02.04-08.38.53:921][  0]LogConfig: Setting CVar [[r.SSS.Scale:1]]
[2021.02.04-08.38.53:921][  0]LogConfig: Setting CVar [[r.SSS.SampleSet:2]]
[2021.02.04-08.38.53:921][  0]LogConfig: Setting CVar [[r.SSS.Quality:1]]
[2021.02.04-08.38.53:921][  0]LogConfig: Setting CVar [[r.SSS.HalfRes:0]]
[2021.02.04-08.38.53:921][  0]LogConfig: Setting CVar [[r.SSGI.Quality:3]]
[2021.02.04-08.38.53:921][  0]LogConfig: Setting CVar [[r.EmitterSpawnRateScale:1.0]]
[2021.02.04-08.38.53:921][  0]LogConfig: Setting CVar [[r.ParticleLightQuality:2]]
[2021.02.04-08.38.53:921][  0]LogConfig: Setting CVar [[r.SkyAtmosphere.AerialPerspectiveLUT.FastApplyOnOpaque:1 ; Always have FastSkyLUT 1 in this case to avoid wrong sky]]
[2021.02.04-08.38.53:921][  0]LogConfig: Setting CVar [[r.SkyAtmosphere.AerialPerspectiveLUT.SampleCountPerSlice:1]]
[2021.02.04-08.38.53:921][  0]LogConfig: Setting CVar [[r.SkyAtmosphere.AerialPerspectiveLUT.DepthResolution:16.0]]
[2021.02.04-08.38.53:921][  0]LogConfig: Setting CVar [[r.SkyAtmosphere.FastSkyLUT:1]]
[2021.02.04-08.38.53:921][  0]LogConfig: Setting CVar [[r.SkyAtmosphere.FastSkyLUT.SampleCountMin:4.0]]
[2021.02.04-08.38.53:921][  0]LogConfig: Setting CVar [[r.SkyAtmosphere.FastSkyLUT.SampleCountMax:32.0]]
[2021.02.04-08.38.53:921][  0]LogConfig: Setting CVar [[r.SkyAtmosphere.SampleCountMin:4.0]]
[2021.02.04-08.38.53:921][  0]LogConfig: Setting CVar [[r.SkyAtmosphere.SampleCountMax:32.0]]
[2021.02.04-08.38.53:921][  0]LogConfig: Setting CVar [[r.SkyAtmosphere.TransmittanceLUT.UseSmallFormat:0]]
[2021.02.04-08.38.53:921][  0]LogConfig: Setting CVar [[r.SkyAtmosphere.TransmittanceLUT.SampleCount:10.0]]
[2021.02.04-08.38.53:921][  0]LogConfig: Setting CVar [[r.SkyAtmosphere.MultiScatteringLUT.SampleCount:15.0]]
[2021.02.04-08.38.53:921][  0]LogConfig: Applying CVar settings from Section [FoliageQuality@3] File [S:/Documents/Unreal/CoronaPunch/coronapunch/CoronaPunch/Saved/Config/Windows/Scalability.ini]
[2021.02.04-08.38.53:921][  0]LogConfig: Setting CVar [[foliage.DensityScale:1.0]]
[2021.02.04-08.38.53:921][  0]LogConfig: Setting CVar [[grass.DensityScale:1.0]]
[2021.02.04-08.38.53:921][  0]LogConfig: Applying CVar settings from Section [ShadingQuality@3] File [S:/Documents/Unreal/CoronaPunch/coronapunch/CoronaPunch/Saved/Config/Windows/Scalability.ini]
[2021.02.04-08.38.53:921][  0]LogConfig: Setting CVar [[r.HairStrands.SkyLighting.SampleCount:16]]
[2021.02.04-08.38.53:921][  0]LogConfig: Setting CVar [[r.HairStrands.SkyLighting.JitterIntegration:0]]
[2021.02.04-08.38.53:921][  0]LogConfig: Setting CVar [[r.HairStrands.SkyAO.SampleCount:16]]
[2021.02.04-08.38.53:921][  0]LogConfig: Setting CVar [[r.HairStrands.DeepShadow.SuperSampling:0]]
[2021.02.04-08.38.53:921][  0]LogConfig: Setting CVar [[r.HairStrands.VisibilityPPLL:0]]
[2021.02.04-08.38.53:921][  0]LogConfig: Setting CVar [[r.HairStrands.RasterizationScale:0.5]]
[2021.02.04-08.38.53:921][  0]LogConfig: Setting CVar [[r.HairStrands.VelocityRasterizationScale:1]]
[2021.02.04-08.38.53:921][  0]LogConfig: Applying CVar settings from Section [Startup] File [../../../Engine/Config/ConsoleVariables.ini]
[2021.02.04-08.38.54:598][  0]LogConfig: Setting CVar [[net.UseAdaptiveNetUpdateFrequency:0]]
[2021.02.04-08.38.54:598][  0]LogConfig: Setting CVar [[p.chaos.AllowCreatePhysxBodies:1]]
[2021.02.04-08.38.54:598][  0]LogConfig: Setting CVar [[fx.SkipVectorVMBackendOptimizations:1]]
[2021.02.04-08.38.54:598][  0]LogConfig: Applying CVar settings from Section [ConsoleVariables] File [S:/Documents/Unreal/CoronaPunch/coronapunch/CoronaPunch/Saved/Config/Windows/Engine.ini]
[2021.02.04-08.38.54:598][  0]LogInit: Computer: DOHERTYS-DESKTO
[2021.02.04-08.38.54:598][  0]LogInit: User: Doherty
[2021.02.04-08.38.54:598][  0]LogInit: CPU Page size=4096, Cores=4
[2021.02.04-08.38.54:598][  0]LogInit: High frequency timer resolution =10.000000 MHz
[2021.02.04-08.38.54:598][  0]LogMemory: Memory total: Physical=7.9GB (8GB approx)
[2021.02.04-08.38.54:598][  0]LogMemory: Platform Memory Stats for Windows
[2021.02.04-08.38.54:598][  0]LogMemory: Process Physical Memory: 118.86 MB used, 118.87 MB peak
[2021.02.04-08.38.54:598][  0]LogMemory: Process Virtual Memory: 100.20 MB used, 100.20 MB peak
[2021.02.04-08.38.54:598][  0]LogMemory: Physical Memory: 6924.20 MB used,  1209.97 MB free, 8134.16 MB total
[2021.02.04-08.38.54:598][  0]LogMemory: Virtual Memory: 5187.99 MB used,  134212536.00 MB free, 134217728.00 MB total
[2021.02.04-08.38.54:606][  0]LogWindows: WindowsPlatformFeatures enabled
[2021.02.04-08.38.55:124][  0]LogInit: Physics initialised using underlying interface: PhysX
[2021.02.04-08.38.55:124][  0]LogInit: Using OS detected language (en-US).
[2021.02.04-08.38.55:124][  0]LogInit: Using OS detected locale (en-GB).
[2021.02.04-08.38.55:126][  0]LogTextLocalizationManager: No specific localization for 'en-US' exists, so the 'en' localization will be used.
[2021.02.04-08.38.55:726][  0]LogSlate: New Slate User Created.  User Index 0, Is Virtual User: 0
[2021.02.04-08.38.55:726][  0]LogSlate: Slate User Registered.  User Index 0, Is Virtual User: 0
[2021.02.04-08.38.55:787][  0]LogHMD: Failed to initialize OpenVR with code 108
[2021.02.04-08.38.55:787][  0]LogD3D11RHI: D3D11 min allowed feature level: 11_0
[2021.02.04-08.38.55:787][  0]LogD3D11RHI: D3D11 max allowed feature level: 11_0
[2021.02.04-08.38.55:787][  0]LogD3D11RHI: D3D11 adapters:
[2021.02.04-08.38.55:870][  0]LogD3D11RHI:    0. 'NVIDIA GeForce GTX 1080' (Feature Level 11_0)
[2021.02.04-08.38.55:870][  0]LogD3D11RHI:       8079/0/4067 MB DedicatedVideo/DedicatedSystem/SharedSystem, Outputs:1, VendorId:0x10de
[2021.02.04-08.38.55:873][  0]LogD3D11RHI:    1. 'Microsoft Basic Render Driver' (Feature Level 11_0)
[2021.02.04-08.38.55:873][  0]LogD3D11RHI:       0/0/4067 MB DedicatedVideo/DedicatedSystem/SharedSystem, Outputs:0, VendorId:0x1414
[2021.02.04-08.38.55:873][  0]LogD3D11RHI: Chosen D3D11 Adapter: 0
[2021.02.04-08.38.55:882][  0]LogD3D11RHI: Creating new Direct3DDevice
[2021.02.04-08.38.55:882][  0]LogD3D11RHI:     GPU DeviceId: 0x1b80 (for the marketing name, search the web for "GPU Device Id")
[2021.02.04-08.38.55:882][  0]LogWindows: EnumDisplayDevices:
[2021.02.04-08.38.55:882][  0]LogWindows:    0. 'NVIDIA GeForce GTX 1080' (P:1 D:1)
[2021.02.04-08.38.55:882][  0]LogWindows:    1. 'NVIDIA GeForce GTX 1080' (P:0 D:0)
[2021.02.04-08.38.55:883][  0]LogWindows:    2. 'NVIDIA GeForce GTX 1080' (P:0 D:0)
[2021.02.04-08.38.55:883][  0]LogWindows:    3. 'NVIDIA GeForce GTX 1080' (P:0 D:0)
[2021.02.04-08.38.55:883][  0]LogWindows: DebugString: FoundDriverCount:4 
[2021.02.04-08.38.55:883][  0]LogD3D11RHI:     Adapter Name: NVIDIA GeForce GTX 1080
[2021.02.04-08.38.55:883][  0]LogD3D11RHI:   Driver Version: 456.38 (internal:27.21.14.5638, unified:456.38)
[2021.02.04-08.38.55:883][  0]LogD3D11RHI:      Driver Date: 9-14-2020
[2021.02.04-08.38.55:883][  0]LogRHI: Texture pool is 5655 MB (70% of 8079 MB)
[2021.02.04-08.38.55:945][  0]LogD3D11RHI: RHI has support for 64 bit atomics
[2021.02.04-08.38.55:945][  0]LogD3D11RHI: Async texture creation enabled
[2021.02.04-08.38.55:945][  0]LogD3D11RHI: Array index from any shader is supported
[2021.02.04-08.38.55:984][  0]LogD3D11RHI: GPU Timing Frequency: 1000.000000 (Debug: 2 1)
[2021.02.04-08.38.56:647][  0]LogTargetPlatformManager: Display: Loaded TargetPlatform 'WindowsNoEditor'
[2021.02.04-08.38.56:653][  0]LogTargetPlatformManager: Display: Loaded TargetPlatform 'Windows'
[2021.02.04-08.38.56:668][  0]LogTargetPlatformManager: Display: Loaded TargetPlatform 'WindowsClient'
[2021.02.04-08.38.56:677][  0]LogTargetPlatformManager: Display: Loaded TargetPlatform 'WindowsServer'
[2021.02.04-08.38.56:677][  0]LogTargetPlatformManager: Display: Building Assets For Windows
[2021.02.04-08.38.56:733][  0]LogAudioDebug: Display: Lib vorbis DLL was dynamically loaded.
[2021.02.04-08.38.57:037][  0]LogShaderCompilers: Guid format shader working directory is -23 characters bigger than the processId version (../../../../../../Documents/Unreal/CoronaPunch/coronapunch/CoronaPunch/Intermediate/Shaders/WorkingDirectory/15740/).
[2021.02.04-08.38.57:037][  0]LogShaderCompilers: Cleaned the shader compiler working directory 'C:/Users/Doherty/AppData/Local/Temp/UnrealShaderWorkingDir/BD9BE2B8436F876C64D3FB8F4420A224/'.
[2021.02.04-08.38.57:044][  0]LogXGEController: Cannot use XGE Controller as Incredibuild is not installed on this machine.
[2021.02.04-08.38.57:044][  0]LogShaderCompilers: Cannot use XGE Shader Compiler as Incredibuild is not installed on this machine.
[2021.02.04-08.38.57:044][  0]LogShaderCompilers: Display: Using Local Shader Compiler.
[2021.02.04-08.38.58:153][  0]LogDerivedDataCache: Display: Max Cache Size: 512 MB
[2021.02.04-08.38.58:441][  0]LogDerivedDataCache: Loaded boot cache 0.29s 80MB C:/Users/Doherty/AppData/Local/UnrealEngine/4.25/DerivedDataCache/Boot.ddc.
[2021.02.04-08.38.58:441][  0]LogDerivedDataCache: Display: Loaded Boot cache: C:/Users/Doherty/AppData/Local/UnrealEngine/4.25/DerivedDataCache/Boot.ddc
[2021.02.04-08.38.58:441][  0]LogDerivedDataCache: FDerivedDataBackendGraph:  Pak pak cache file ../../../../../../Documents/Unreal/CoronaPunch/coronapunch/CoronaPunch/DerivedDataCache/DDC.ddp not found, will not use a pak cache.
[2021.02.04-08.38.58:441][  0]LogDerivedDataCache: Unable to find inner node Pak for hierarchical cache Hierarchy.
[2021.02.04-08.38.58:441][  0]LogDerivedDataCache: FDerivedDataBackendGraph:  CompressedPak pak cache file ../../../../../../Documents/Unreal/CoronaPunch/coronapunch/CoronaPunch/DerivedDataCache/Compressed.ddp not found, will not use a pak cache.
[2021.02.04-08.38.58:441][  0]LogDerivedDataCache: Unable to find inner node CompressedPak for hierarchical cache Hierarchy.
[2021.02.04-08.38.58:451][  0]LogDerivedDataCache: Display: Pak cache opened for reading ../../../Engine/DerivedDataCache/Compressed.ddp.
[2021.02.04-08.38.58:452][  0]LogDerivedDataCache: FDerivedDataBackendGraph:  EnterprisePak pak cache file ../../../Enterprise/DerivedDataCache/Compressed.ddp not found, will not use a pak cache.
[2021.02.04-08.38.58:452][  0]LogDerivedDataCache: Unable to find inner node EnterprisePak for hierarchical cache Hierarchy.
[2021.02.04-08.38.58:452][  0]LogDerivedDataCache: Using Local data cache path C:/Users/Doherty/AppData/Local/UnrealEngine/Common/DerivedDataCache: Writable
[2021.02.04-08.38.58:454][  0]LogDerivedDataCache: Shared data cache path not found in *engine.ini, will not use an Shared cache.
[2021.02.04-08.38.58:454][  0]LogDerivedDataCache: Unable to find inner node Shared for hierarchical cache Hierarchy.
[2021.02.04-08.38.58:522][  0]LogSlate: Using FreeType 2.10.0
[2021.02.04-08.38.58:542][  0]LogSlate: SlateFontServices - WITH_FREETYPE: 1, WITH_HARFBUZZ: 1
[2021.02.04-08.38.58:776][  0]LogInit: Using OS detected language (en-US).
[2021.02.04-08.38.58:776][  0]LogInit: Using OS detected locale (en-GB).
[2021.02.04-08.38.58:776][  0]LogTextLocalizationManager: No localization for 'en-US' exists, so 'en' will be used for the language.
[2021.02.04-08.38.58:776][  0]LogTextLocalizationManager: No localization for 'en-GB' exists, so 'en' will be used for the locale.
[2021.02.04-08.38.58:776][  0]LogSlate: FontCache flush requested. Reason: Culture for localization was changed
[2021.02.04-08.38.58:776][  0]LogSlate: FontCache flush requested. Reason: Culture for localization was changed
[2021.02.04-08.38.58:777][  0]LogTextLocalizationManager: Compacting localization data took   0.00ms
[2021.02.04-08.38.58:791][  0]LogAssetRegistry: FAssetRegistry took 0.0015 seconds to start up
[2021.02.04-08.38.59:000][  0]LogPackageLocalizationCache: Processed 19 localized package path(s) for 1 prioritized culture(s) in 0.000690 seconds
[2021.02.04-08.38.59:038][  0]LogInit: Selected Device Profile: [Windows]
[2021.02.04-08.38.59:859][  0]LogMeshReduction: Using QuadricMeshReduction for automatic static mesh reduction
[2021.02.04-08.38.59:859][  0]LogMeshReduction: Using SimplygonMeshReduction for automatic skeletal mesh reduction
[2021.02.04-08.38.59:859][  0]LogMeshReduction: Using ProxyLODMeshReduction for automatic mesh merging
[2021.02.04-08.38.59:859][  0]LogMeshReduction: No distributed automatic mesh merging module available
[2021.02.04-08.38.59:859][  0]LogMeshMerging: No distributed automatic mesh merging module available
[2021.02.04-08.38.59:893][  0]LogNetVersion: CoronaPunch 1.0.0, NetCL: 13144385, EngineNetVer: 14, GameNetVer: 0 (Checksum: 335195157)
[2021.02.04-08.39.00:697][  0]LogAISub: UAISubsystem::UAISubsystem AISubsystem (00000265B032E8C0), frame # 0
[2021.02.04-08.39.00:697][  0]LogAISub: UAISubsystem::UAISubsystem AIPerceptionSystem (00000265B01C5A80), frame # 0
[2021.02.04-08.39.00:698][  0]LogAISub: UAISubsystem::UAISubsystem EnvQueryManager (00000265B01BFA00), frame # 0
[2021.02.04-08.39.04:623][  0]LogCollectionManager: Loaded 0 collections in 0.000977 seconds
[2021.02.04-08.39.04:635][  0]LogFileCache: Scanning file cache for directory 'S:/Documents/Unreal/CoronaPunch/coronapunch/CoronaPunch/Saved/Collections/' took 0.00s
[2021.02.04-08.39.04:635][  0]LogFileCache: Scanning file cache for directory 'S:/Documents/Unreal/CoronaPunch/coronapunch/CoronaPunch/Content/Developers/Doherty/Collections/' took 0.00s
[2021.02.04-08.39.04:635][  0]LogFileCache: Scanning file cache for directory 'S:/Documents/Unreal/CoronaPunch/coronapunch/CoronaPunch/Content/Collections/' took 0.00s
[2021.02.04-08.39.04:635][  0]LogCollectionManager: Fixed up redirectors for 0 collections in 0.000004 seconds (updated 0 objects)
[2021.02.04-08.39.05:055][  0]LogMoviePlayer: Initializing movie player
[2021.02.04-08.39.05:643][  0]LogTcpMessaging: Initializing TcpMessaging bridge
[2021.02.04-08.39.05:658][  0]LogUdpMessaging: Initializing bridge on interface 0.0.0.0:0 to multicast group 230.0.0.1:6666.
[2021.02.04-08.39.05:868][  0]SourceControl: Source control is disabled
[2021.02.04-08.39.05:868][  0]SourceControl: Source control is disabled
[2021.02.04-08.39.05:898][  0]SourceControl: Source control is disabled
[2021.02.04-08.39.06:535][  0]LogAndroidPermission: UAndroidPermissionCallbackProxy::GetInstance
[2021.02.04-08.39.06:601][  0]LogAudioCaptureCore: Display: No Audio Capture implementations found. Audio input will be silent.
[2021.02.04-08.39.06:601][  0]LogAudioCaptureCore: Display: No Audio Capture implementations found. Audio input will be silent.
[2021.02.04-08.39.06:765][  0]LogOcInput: OculusInput pre-init called
[2021.02.04-08.39.06:808][  0]LogUObjectArray: 19070 objects as part of root set at end of initial load.
[2021.02.04-08.39.06:808][  0]LogUObjectAllocator: 5017024 out of 0 bytes used by permanent object pool.
[2021.02.04-08.39.06:808][  0]LogUObjectArray: CloseDisregardForGC: 0/0 objects in disregard for GC pool
[2021.02.04-08.39.06:920][  0]LogEngine: Initializing Engine...
[2021.02.04-08.39.06:977][  0]LogHMD: Failed to initialize OpenVR with code 108
[2021.02.04-08.39.06:977][  0]LogMagicLeap: Warning: VR disabled because ZI is not enabled.  To enable, in the editor, Edit -> Project Settings -> Plugins -> Magic Leap Plugin -> Enable Zero Iteration
[2021.02.04-08.39.06:978][  0]LogStats: UGameplayTagsManager::InitializeManager -  0.000 s
[2021.02.04-08.39.07:091][  0]LogInit: Initializing FReadOnlyCVARCache
[2021.02.04-08.39.07:147][  0]LogAudioMixer: Display: Audio Mixer Platform Settings:
[2021.02.04-08.39.07:147][  0]LogAudioMixer: Display: 	Sample Rate:						  48000
[2021.02.04-08.39.07:147][  0]LogAudioMixer: Display: 	Callback Buffer Frame Size Requested: 1024
[2021.02.04-08.39.07:147][  0]LogAudioMixer: Display: 	Callback Buffer Frame Size To Use:	  1024
[2021.02.04-08.39.07:147][  0]LogAudioMixer: Display: 	Number of buffers to queue:			  2
[2021.02.04-08.39.07:147][  0]LogAudioMixer: Display: 	Max Channels (voices):				  32
[2021.02.04-08.39.07:147][  0]LogAudioMixer: Display: 	Number of Async Source Workers:		  0
[2021.02.04-08.39.07:147][  0]LogAudio: Display: AudioDevice MaxSources: 32
[2021.02.04-08.39.07:147][  0]LogAudio: Display: Using built-in audio occlusion.
[2021.02.04-08.39.07:147][  0]LogAudioMixer: Display: Initializing audio mixer.
[2021.02.04-08.39.07:183][  0]LogAudioMixer: Display: 0: FrontLeft
[2021.02.04-08.39.07:183][  0]LogAudioMixer: Display: 1: FrontRight
[2021.02.04-08.39.07:220][  0]LogAudioMixer: Display: Using Audio Device VX238 (NVIDIA High Definition Audio)
[2021.02.04-08.39.07:226][  0]LogAudioMixer: Display: Initializing Sound Submixes...
[2021.02.04-08.39.07:227][  0]LogAudioMixer: Display: Creating Master Submix 'MasterSubmixDefault'
[2021.02.04-08.39.07:227][  0]LogAudioMixer: Display: Creating Master Submix 'MasterReverbSubmixDefault'
[2021.02.04-08.39.07:228][  0]LogAudioMixer: Display: Creating Master Submix 'MasterEQSubmixDefault'
[2021.02.04-08.39.07:229][  0]LogInit: FAudioDevice initialized.
[2021.02.04-08.39.07:230][  0]LogNetVersion: Set ProjectVersion to 1.0.0.0. Version Checksum will be recalculated on next use.
[2021.02.04-08.39.07:230][  0]LogInit: Texture streaming: Enabled
[2021.02.04-08.39.07:582][  0]LogSlate: Updating window title bar state: overlay mode, drag disabled, window buttons hidden, title bar hidden
[2021.02.04-08.39.07:582][  0]LogInit: Display: Game Engine Initialized.
[2021.02.04-08.39.07:601][  0]LogNiagaraEditor: Warning: GEditor isn't valid! Particle reset commands will not work for Niagara components!
[2021.02.04-08.39.07:744][  0]LogInit: Display: Starting Game.
[2021.02.04-08.39.07:758][  0]LogNet: Browse: /Game/Punchbag/EQ_test?Name=Player
[2021.02.04-08.39.07:761][  0]LogLoad: LoadMap: /Game/Punchbag/EQ_test?Name=Player
[2021.02.04-08.39.07:761][  0]LogWorld: BeginTearingDown for /Temp/Untitled_0
[2021.02.04-08.39.07:771][  0]LogWorld: UWorld::CleanupWorld for Untitled, bSessionEnded=true, bCleanupResources=true
[2021.02.04-08.39.07:772][  0]LogSlate: InvalidateAllWidgets triggered.  All widgets were invalidated
[2021.02.04-08.39.07:782][  0]LogUObjectHash: Compacting FUObjectHashTables data took   0.58ms
[2021.02.04-08.39.07:945][  0]LogAIModule: Creating AISystem for world EQ_test
[2021.02.04-08.39.07:945][  0]LogAISub: UAISubsystem::UAISubsystem EnvQueryManager (00000265B3A9C600), frame # 0
[2021.02.04-08.39.07:945][  0]LogAISub: UAISubsystem::UAISubsystem AIPerceptionSystem (00000265B3A8CCC0), frame # 0
[2021.02.04-08.39.07:946][  0]LogLoad: Game class is 'GameModeBase'
[2021.02.04-08.39.07:949][  0]LogWorld: Bringing World /Game/Punchbag/EQ_test.EQ_test up for play (max tick rate 0) at 2021.02.04-09.39.07
[2021.02.04-08.39.07:949][  0]LogWorld: Bringing up level for play took: 0.001837
[2021.02.04-08.39.08:060][  0]LogLoad: Took 0.283612 seconds to LoadMap(/Game/Punchbag/EQ_test)
[2021.02.04-08.39.08:181][  0]LogRenderer: Reallocating scene render targets to support 1920x1080 Format 26 NumSamples 1 (Frame:1).
[2021.02.04-08.39.08:181][  0]LogLoad: (Engine Initialization) Total time: 20.66 seconds
[2021.02.04-08.39.08:181][  0]LogLoad: (Engine Initialization) Total Blueprint compile time: 0.00 seconds
[2021.02.04-08.39.08:187][  0]LogContentStreaming: Texture pool size now 1000 MB
[2021.02.04-08.39.08:191][  0]LogSlate: InvalidateAllWidgets triggered.  All widgets were invalidated
